<?xml version="1.0" encoding="UTF-8"?>
<!-- Generated by org.testng.reporters.JUnitXMLReporter -->
<testsuite hostname="CybertekSchools-iMac-2.local" ignored="4" name="Default test" tests="1" failures="0" timestamp="15 Jan 2019 17:50:23 GMT" time="1.129" errors="0">
  <testcase name="testWithJSONtoMap" time="1.111" classname="com.bookit.tests.APIDay2"/>
  <testcase name="testJsonPathWithList" time="0.0" classname="com.bookit.tests.APIDay2">
    <ignored/>
  </testcase> <!-- testJsonPathWithList -->
  <testcase name="employeesWithParams" time="0.0" classname="com.bookit.tests.APIDay2">
    <ignored/>
  </testcase> <!-- employeesWithParams -->
  <testcase name="testWithJsonPath" time="0.0" classname="com.bookit.tests.APIDay2">
    <ignored/>
  </testcase> <!-- testWithJsonPath -->
  <testcase name="testWithPathParams" time="0.0" classname="com.bookit.tests.APIDay2">
    <ignored/>
  </testcase> <!-- testWithPathParams -->
</testsuite> <!-- Default test -->
