<?xml version="1.0" encoding="UTF-8"?>
<!-- Generated by org.testng.reporters.JUnitXMLReporter -->
<testsuite hostname="CybertekSchools-iMac-2.local" ignored="4" name="Default test" tests="1" failures="0" timestamp="08 Jan 2019 20:41:56 GMT" time="0.234" errors="0">
  <testcase name="testdb" time="0.208" classname="com.bookit.tests.JDBCTest"/>
  <testcase name="JDBCMetaData" time="0.0" classname="com.bookit.tests.JDBCTest">
    <ignored/>
  </testcase> <!-- JDBCMetaData -->
  <testcase name="DBUtilDynamic" time="0.0" classname="com.bookit.tests.JDBCTest">
    <ignored/>
  </testcase> <!-- DBUtilDynamic -->
  <testcase name="PostGreSQL" time="0.0" classname="com.bookit.tests.JDBCTest">
    <ignored/>
  </testcase> <!-- PostGreSQL -->
  <testcase name="DBUtil" time="0.0" classname="com.bookit.tests.JDBCTest">
    <ignored/>
  </testcase> <!-- DBUtil -->
</testsuite> <!-- Default test -->
