<?xml version="1.0" encoding="UTF-8"?>
<testng-results skipped="0" failed="0" ignored="4" total="5" passed="1">
  <reporter-output>
  </reporter-output>
  <suite name="Default suite" duration-ms="1129" started-at="2019-01-15T17:50:22Z" finished-at="2019-01-15T17:50:23Z">
    <groups>
    </groups>
    <test name="Default test" duration-ms="1129" started-at="2019-01-15T17:50:22Z" finished-at="2019-01-15T17:50:23Z">
      <class name="com.bookit.tests.APIDay2">
        <test-method status="PASS" signature="testWithJSONtoMap()[pri:0, instance:com.bookit.tests.APIDay2@3abbfa04]" name="testWithJSONtoMap" duration-ms="1111" started-at="2019-01-15T17:50:22Z" finished-at="2019-01-15T17:50:23Z">
          <reporter-output>
          </reporter-output>
        </test-method> <!-- testWithJSONtoMap -->
      </class> <!-- com.bookit.tests.APIDay2 -->
    </test> <!-- Default test -->
  </suite> <!-- Default suite -->
</testng-results>
